Thread dump by Intellij IDEA
----------------------------

2016-08-26 16:35:49
Full thread dump Java HotSpot(TM) 64-Bit Server VM (25.73-b02 mixed mode):

"DestroyJavaVM" #14 prio=5 os_prio=0 tid=0x000000000298d800 nid=0xd78 waiting on condition [0x0000000000000000]
   java.lang.Thread.State: RUNNABLE

"Thread-3" #13 prio=5 os_prio=0 tid=0x0000000016318000 nid=0x20e4 waiting for monitor entry [0x0000000016c4e000]
   java.lang.Thread.State: BLOCKED (on object monitor)
	at org.zoltor.CrossRoadRunnable.run(CrossRoadRunnable.java:33)
	- waiting to lock <0x00000000eb555658> (a org.zoltor.Car)
	- locked <0x00000000eb555770> (a org.zoltor.Car)
	at java.lang.Thread.run(Thread.java:745)

"Thread-2" #12 prio=5 os_prio=0 tid=0x000000001630e800 nid=0x27f4 waiting for monitor entry [0x0000000016b4e000]
   java.lang.Thread.State: BLOCKED (on object monitor)
	at org.zoltor.CrossRoadRunnable.run(CrossRoadRunnable.java:33)
	- waiting to lock <0x00000000eb555770> (a org.zoltor.Car)
	- locked <0x00000000eb555708> (a org.zoltor.Car)
	at java.lang.Thread.run(Thread.java:745)

"Thread-1" #11 prio=5 os_prio=0 tid=0x000000001630c800 nid=0x3380 waiting for monitor entry [0x0000000016a4f000]
   java.lang.Thread.State: BLOCKED (on object monitor)
	at org.zoltor.CrossRoadRunnable.run(CrossRoadRunnable.java:33)
	- waiting to lock <0x00000000eb555708> (a org.zoltor.Car)
	- locked <0x00000000eb5556a8> (a org.zoltor.Car)
	at java.lang.Thread.run(Thread.java:745)

"Thread-0" #10 prio=5 os_prio=0 tid=0x000000001630c000 nid=0x1e80 waiting for monitor entry [0x000000001694f000]
   java.lang.Thread.State: BLOCKED (on object monitor)
	at org.zoltor.CrossRoadRunnable.run(CrossRoadRunnable.java:33)
	- waiting to lock <0x00000000eb5556a8> (a org.zoltor.Car)
	- locked <0x00000000eb555658> (a org.zoltor.Car)
	at java.lang.Thread.run(Thread.java:745)

"Monitor Ctrl-Break" #9 daemon prio=5 os_prio=0 tid=0x0000000016307800 nid=0x291c runnable [0x000000001684e000]
   java.lang.Thread.State: RUNNABLE
	at java.net.SocketInputStream.socketRead0(Native Method)
	at java.net.SocketInputStream.socketRead(SocketInputStream.java:116)
	at java.net.SocketInputStream.read(SocketInputStream.java:170)
	at java.net.SocketInputStream.read(SocketInputStream.java:141)
	at sun.nio.cs.StreamDecoder.readBytes(StreamDecoder.java:284)
	at sun.nio.cs.StreamDecoder.implRead(StreamDecoder.java:326)
	at sun.nio.cs.StreamDecoder.read(StreamDecoder.java:178)
	- locked <0x00000000eb5f2038> (a java.io.InputStreamReader)
	at java.io.InputStreamReader.read(InputStreamReader.java:184)
	at java.io.BufferedReader.fill(BufferedReader.java:161)
	at java.io.BufferedReader.readLine(BufferedReader.java:324)
	- locked <0x00000000eb5f2038> (a java.io.InputStreamReader)
	at java.io.BufferedReader.readLine(BufferedReader.java:389)
	at com.intellij.rt.execution.application.AppMain$1.run(AppMain.java:84)
	at java.lang.Thread.run(Thread.java:745)

"Service Thread" #8 daemon prio=9 os_prio=0 tid=0x0000000014e75000 nid=0x2cc8 runnable [0x0000000000000000]
   java.lang.Thread.State: RUNNABLE

"C1 CompilerThread1" #7 daemon prio=9 os_prio=2 tid=0x0000000014e73000 nid=0x1818 waiting on condition [0x0000000000000000]
   java.lang.Thread.State: RUNNABLE

"C2 CompilerThread0" #6 daemon prio=9 os_prio=2 tid=0x0000000014e1c800 nid=0x1cc8 waiting on condition [0x0000000000000000]
   java.lang.Thread.State: RUNNABLE

"Attach Listener" #5 daemon prio=5 os_prio=2 tid=0x0000000014e1b800 nid=0xf54 runnable [0x0000000000000000]
   java.lang.Thread.State: RUNNABLE

"Signal Dispatcher" #4 daemon prio=9 os_prio=2 tid=0x0000000014e18000 nid=0x2bf4 waiting on condition [0x0000000000000000]
   java.lang.Thread.State: RUNNABLE

"Finalizer" #3 daemon prio=8 os_prio=1 tid=0x0000000002a7e800 nid=0x1190 in Object.wait() [0x0000000015b6f000]
   java.lang.Thread.State: WAITING (on object monitor)
	at java.lang.Object.wait(Native Method)
	- waiting on <0x00000000eb407110> (a java.lang.ref.ReferenceQueue$Lock)
	at java.lang.ref.ReferenceQueue.remove(ReferenceQueue.java:143)
	- locked <0x00000000eb407110> (a java.lang.ref.ReferenceQueue$Lock)
	at java.lang.ref.ReferenceQueue.remove(ReferenceQueue.java:164)
	at java.lang.ref.Finalizer$FinalizerThread.run(Finalizer.java:209)

"Reference Handler" #2 daemon prio=10 os_prio=2 tid=0x0000000002a7a800 nid=0x2e5c in Object.wait() [0x0000000015a6f000]
   java.lang.Thread.State: WAITING (on object monitor)
	at java.lang.Object.wait(Native Method)
	- waiting on <0x00000000eb406b50> (a java.lang.ref.Reference$Lock)
	at java.lang.Object.wait(Object.java:502)
	at java.lang.ref.Reference$ReferenceHandler.run(Reference.java:157)
	- locked <0x00000000eb406b50> (a java.lang.ref.Reference$Lock)

"VM Thread" os_prio=2 tid=0x0000000014de6000 nid=0x8b4 runnable 

"GC task thread#0 (ParallelGC)" os_prio=0 tid=0x00000000029a7000 nid=0x2a68 runnable 

"GC task thread#1 (ParallelGC)" os_prio=0 tid=0x00000000029a9000 nid=0xe10 runnable 

"VM Periodic Task Thread" os_prio=2 tid=0x0000000014e92000 nid=0x27ec waiting on condition 

JNI global references: 16


Found one Java-level deadlock:
=============================
"Thread-3":
  waiting to lock monitor 0x0000000002a87ca8 (object 0x00000000eb555658, a org.zoltor.Car),
  which is held by "Thread-0"
"Thread-0":
  waiting to lock monitor 0x0000000002a86808 (object 0x00000000eb5556a8, a org.zoltor.Car),
  which is held by "Thread-1"
"Thread-1":
  waiting to lock monitor 0x000000001631ebd8 (object 0x00000000eb555708, a org.zoltor.Car),
  which is held by "Thread-2"
"Thread-2":
  waiting to lock monitor 0x000000001631d5d8 (object 0x00000000eb555770, a org.zoltor.Car),
  which is held by "Thread-3"

Java stack information for the threads listed above:
===================================================
"Thread-3":
	at org.zoltor.CrossRoadRunnable.run(CrossRoadRunnable.java:33)
	- waiting to lock <0x00000000eb555658> (a org.zoltor.Car)
	- locked <0x00000000eb555770> (a org.zoltor.Car)
	at java.lang.Thread.run(Thread.java:745)
"Thread-0":
	at org.zoltor.CrossRoadRunnable.run(CrossRoadRunnable.java:33)
	- waiting to lock <0x00000000eb5556a8> (a org.zoltor.Car)
	- locked <0x00000000eb555658> (a org.zoltor.Car)
	at java.lang.Thread.run(Thread.java:745)
"Thread-1":
	at org.zoltor.CrossRoadRunnable.run(CrossRoadRunnable.java:33)
	- waiting to lock <0x00000000eb555708> (a org.zoltor.Car)
	- locked <0x00000000eb5556a8> (a org.zoltor.Car)
	at java.lang.Thread.run(Thread.java:745)
"Thread-2":
	at org.zoltor.CrossRoadRunnable.run(CrossRoadRunnable.java:33)
	- waiting to lock <0x00000000eb555770> (a org.zoltor.Car)
	- locked <0x00000000eb555708> (a org.zoltor.Car)
	at java.lang.Thread.run(Thread.java:745)

Found 1 deadlock.

Heap
 PSYoungGen      total 18944K, used 3933K [0x00000000eb400000, 0x00000000ec900000, 0x0000000100000000)
  eden space 16384K, 24% used [0x00000000eb400000,0x00000000eb7d7470,0x00000000ec400000)
  from space 2560K, 0% used [0x00000000ec680000,0x00000000ec680000,0x00000000ec900000)
  to   space 2560K, 0% used [0x00000000ec400000,0x00000000ec400000,0x00000000ec680000)
 ParOldGen       total 44032K, used 0K [0x00000000c1c00000, 0x00000000c4700000, 0x00000000eb400000)
  object space 44032K, 0% used [0x00000000c1c00000,0x00000000c1c00000,0x00000000c4700000)
 Metaspace       used 3122K, capacity 4500K, committed 4864K, reserved 1056768K
  class space    used 343K, capacity 388K, committed 512K, reserved 1048576K
